This file contains any messages produced by compilers while
running configure, to aid debugging if configure makes a mistake.

It was created by configure, which was
generated by GNU Autoconf 2.61.  Invocation command line was

  $ ./configure 

## --------- ##
## Platform. ##
## --------- ##

hostname = Sauron
uname -m = x86_64
uname -r = 2.6.35-30-generic
uname -s = Linux
uname -v = #54-Ubuntu SMP Tue Jun 7 18:41:54 UTC 2011

/usr/bin/uname -p = unknown
/bin/uname -X     = unknown

/bin/arch              = unknown
/usr/bin/arch -k       = unknown
/usr/convex/getsysinfo = unknown
/usr/bin/hostinfo      = unknown
/bin/machine           = unknown
/usr/bin/oslevel       = unknown
/bin/universe          = unknown

PATH: /var/lib/gems/1.9.1/bin
PATH: /usr/local/sbin
PATH: /usr/local/bin
PATH: /usr/sbin
PATH: /usr/bin
PATH: /sbin
PATH: /bin
PATH: /usr/games


## ----------- ##
## Core tests. ##
## ----------- ##

configure:2012: checking for a BSD-compatible install
configure:2068: result: /usr/bin/install -c
configure:2079: checking whether build environment is sane
configure:2122: result: yes
configure:2147: WARNING: `missing' script is too old or missing
configure:2155: checking for gawk
configure:2185: result: no
configure:2155: checking for mawk
configure:2171: found /usr/bin/mawk
configure:2182: result: mawk
configure:2193: checking whether make sets $(MAKE)
configure:2214: result: yes
configure:2448: checking for gcc
configure:2464: found /usr/bin/gcc
configure:2475: result: gcc
configure:2713: checking for C compiler version
configure:2720: gcc --version >&5
gcc (Ubuntu/Linaro 4.4.4-14ubuntu5) 4.4.5
Copyright (C) 2010 Free Software Foundation, Inc.
This is free software; see the source for copying conditions.  There is NO
warranty; not even for MERCHANTABILITY or FITNESS FOR A PARTICULAR PURPOSE.

configure:2723: $? = 0
configure:2730: gcc -v >&5
Using built-in specs.
Target: x86_64-linux-gnu
Configured with: ../src/configure -v --with-pkgversion='Ubuntu/Linaro 4.4.4-14ubuntu5' --with-bugurl=file:///usr/share/doc/gcc-4.4/README.Bugs --enable-languages=c,c++,fortran,objc,obj-c++ --prefix=/usr --program-suffix=-4.4 --enable-shared --enable-multiarch --enable-linker-build-id --with-system-zlib --libexecdir=/usr/lib --without-included-gettext --enable-threads=posix --with-gxx-include-dir=/usr/include/c++/4.4 --libdir=/usr/lib --enable-nls --with-sysroot=/ --enable-clocale=gnu --enable-libstdcxx-debug --enable-objc-gc --disable-werror --with-arch-32=i686 --with-tune=generic --enable-checking=release --build=x86_64-linux-gnu --host=x86_64-linux-gnu --target=x86_64-linux-gnu
Thread model: posix
gcc version 4.4.5 (Ubuntu/Linaro 4.4.4-14ubuntu5) 
configure:2733: $? = 0
configure:2740: gcc -V >&5
gcc: '-V' option must have argument
configure:2743: $? = 1
configure:2766: checking for C compiler default output file name
configure:2793: gcc    conftest.c  >&5
configure:2796: $? = 0
configure:2834: result: a.out
configure:2851: checking whether the C compiler works
configure:2861: ./a.out
configure:2864: $? = 0
configure:2881: result: yes
configure:2888: checking whether we are cross compiling
configure:2890: result: no
configure:2893: checking for suffix of executables
configure:2900: gcc -o conftest    conftest.c  >&5
configure:2903: $? = 0
configure:2927: result: 
configure:2933: checking for suffix of object files
configure:2959: gcc -c   conftest.c >&5
configure:2962: $? = 0
configure:2985: result: o
configure:2989: checking whether we are using the GNU C compiler
configure:3018: gcc -c   conftest.c >&5
configure:3024: $? = 0
configure:3041: result: yes
configure:3046: checking whether gcc accepts -g
configure:3076: gcc -c -g  conftest.c >&5
configure:3082: $? = 0
configure:3181: result: yes
configure:3198: checking for gcc option to accept ISO C89
configure:3272: gcc  -c -g -O2  conftest.c >&5
configure:3278: $? = 0
configure:3301: result: none needed
configure:3330: checking for style of include used by make
configure:3358: result: GNU
configure:3386: checking dependency style of gcc
configure:3469: result: gcc3
configure:3564: checking build system type
configure:3582: result: x86_64-unknown-linux-gnu
configure:3604: checking host system type
configure:3619: result: x86_64-unknown-linux-gnu
configure:3641: checking for a sed that does not truncate output
configure:3695: result: /bin/sed
configure:3698: checking for grep that handles long lines and -e
configure:3772: result: /bin/grep
configure:3777: checking for egrep
configure:3855: result: /bin/grep -E
configure:3871: checking for ld used by gcc
configure:3938: result: /usr/bin/ld
configure:3947: checking if the linker (/usr/bin/ld) is GNU ld
configure:3962: result: yes
configure:3967: checking for /usr/bin/ld option to reload object files
configure:3974: result: -r
configure:3992: checking for BSD-compatible nm
configure:4041: result: /usr/bin/nm -B
configure:4045: checking whether ln -s works
configure:4049: result: yes
configure:4056: checking how to recognise dependent libraries
configure:4232: result: pass_all
configure:4320: gcc -c -g -O2  conftest.c >&5
configure:4323: $? = 0
configure:4466: checking how to run the C preprocessor
configure:4506: gcc -E  conftest.c
configure:4512: $? = 0
configure:4543: gcc -E  conftest.c
conftest.c:10: fatal error: ac_nonexistent.h: No such file or directory
compilation terminated.
configure:4549: $? = 1
configure: failed program was:
| /* confdefs.h.  */
| #define PACKAGE_NAME ""
| #define PACKAGE_TARNAME ""
| #define PACKAGE_VERSION ""
| #define PACKAGE_STRING ""
| #define PACKAGE_BUGREPORT ""
| #define PACKAGE "libghthash"
| #define VERSION "0.6.2"
| /* end confdefs.h.  */
| #include <ac_nonexistent.h>
configure:4582: result: gcc -E
configure:4611: gcc -E  conftest.c
configure:4617: $? = 0
configure:4648: gcc -E  conftest.c
conftest.c:10: fatal error: ac_nonexistent.h: No such file or directory
compilation terminated.
configure:4654: $? = 1
configure: failed program was:
| /* confdefs.h.  */
| #define PACKAGE_NAME ""
| #define PACKAGE_TARNAME ""
| #define PACKAGE_VERSION ""
| #define PACKAGE_STRING ""
| #define PACKAGE_BUGREPORT ""
| #define PACKAGE "libghthash"
| #define VERSION "0.6.2"
| /* end confdefs.h.  */
| #include <ac_nonexistent.h>
configure:4692: checking for ANSI C header files
configure:4722: gcc -c -g -O2  conftest.c >&5
configure:4728: $? = 0
configure:4827: gcc -o conftest -g -O2   conftest.c  >&5
configure:4830: $? = 0
configure:4836: ./conftest
configure:4839: $? = 0
configure:4856: result: yes
configure:4880: checking for sys/types.h
configure:4901: gcc -c -g -O2  conftest.c >&5
configure:4907: $? = 0
configure:4923: result: yes
configure:4880: checking for sys/stat.h
configure:4901: gcc -c -g -O2  conftest.c >&5
configure:4907: $? = 0
configure:4923: result: yes
configure:4880: checking for stdlib.h
configure:4901: gcc -c -g -O2  conftest.c >&5
configure:4907: $? = 0
configure:4923: result: yes
configure:4880: checking for string.h
configure:4901: gcc -c -g -O2  conftest.c >&5
configure:4907: $? = 0
configure:4923: result: yes
configure:4880: checking for memory.h
configure:4901: gcc -c -g -O2  conftest.c >&5
configure:4907: $? = 0
configure:4923: result: yes
configure:4880: checking for strings.h
configure:4901: gcc -c -g -O2  conftest.c >&5
configure:4907: $? = 0
configure:4923: result: yes
configure:4880: checking for inttypes.h
configure:4901: gcc -c -g -O2  conftest.c >&5
configure:4907: $? = 0
configure:4923: result: yes
configure:4880: checking for stdint.h
configure:4901: gcc -c -g -O2  conftest.c >&5
configure:4907: $? = 0
configure:4923: result: yes
configure:4880: checking for unistd.h
configure:4901: gcc -c -g -O2  conftest.c >&5
configure:4907: $? = 0
configure:4923: result: yes
configure:4950: checking dlfcn.h usability
configure:4967: gcc -c -g -O2  conftest.c >&5
configure:4973: $? = 0
configure:4987: result: yes
configure:4991: checking dlfcn.h presence
configure:5006: gcc -E  conftest.c
configure:5012: $? = 0
configure:5026: result: yes
configure:5054: checking for dlfcn.h
configure:5062: result: yes
configure:5133: checking for g++
configure:5149: found /usr/bin/g++
configure:5160: result: g++
configure:5191: checking for C++ compiler version
configure:5198: g++ --version >&5
g++ (Ubuntu/Linaro 4.4.4-14ubuntu5) 4.4.5
Copyright (C) 2010 Free Software Foundation, Inc.
This is free software; see the source for copying conditions.  There is NO
warranty; not even for MERCHANTABILITY or FITNESS FOR A PARTICULAR PURPOSE.

configure:5201: $? = 0
configure:5208: g++ -v >&5
Using built-in specs.
Target: x86_64-linux-gnu
Configured with: ../src/configure -v --with-pkgversion='Ubuntu/Linaro 4.4.4-14ubuntu5' --with-bugurl=file:///usr/share/doc/gcc-4.4/README.Bugs --enable-languages=c,c++,fortran,objc,obj-c++ --prefix=/usr --program-suffix=-4.4 --enable-shared --enable-multiarch --enable-linker-build-id --with-system-zlib --libexecdir=/usr/lib --without-included-gettext --enable-threads=posix --with-gxx-include-dir=/usr/include/c++/4.4 --libdir=/usr/lib --enable-nls --with-sysroot=/ --enable-clocale=gnu --enable-libstdcxx-debug --enable-objc-gc --disable-werror --with-arch-32=i686 --with-tune=generic --enable-checking=release --build=x86_64-linux-gnu --host=x86_64-linux-gnu --target=x86_64-linux-gnu
Thread model: posix
gcc version 4.4.5 (Ubuntu/Linaro 4.4.4-14ubuntu5) 
configure:5211: $? = 0
configure:5218: g++ -V >&5
g++: '-V' option must have argument
configure:5221: $? = 1
configure:5224: checking whether we are using the GNU C++ compiler
configure:5253: g++ -c   conftest.cpp >&5
configure:5259: $? = 0
configure:5276: result: yes
configure:5281: checking whether g++ accepts -g
configure:5311: g++ -c -g  conftest.cpp >&5
configure:5317: $? = 0
configure:5416: result: yes
configure:5441: checking dependency style of g++
configure:5524: result: gcc3
configure:5551: checking how to run the C++ preprocessor
configure:5587: g++ -E  conftest.cpp
configure:5593: $? = 0
configure:5624: g++ -E  conftest.cpp
conftest.cpp:21: fatal error: ac_nonexistent.h: No such file or directory
compilation terminated.
configure:5630: $? = 1
configure: failed program was:
| /* confdefs.h.  */
| #define PACKAGE_NAME ""
| #define PACKAGE_TARNAME ""
| #define PACKAGE_VERSION ""
| #define PACKAGE_STRING ""
| #define PACKAGE_BUGREPORT ""
| #define PACKAGE "libghthash"
| #define VERSION "0.6.2"
| #define STDC_HEADERS 1
| #define HAVE_SYS_TYPES_H 1
| #define HAVE_SYS_STAT_H 1
| #define HAVE_STDLIB_H 1
| #define HAVE_STRING_H 1
| #define HAVE_MEMORY_H 1
| #define HAVE_STRINGS_H 1
| #define HAVE_INTTYPES_H 1
| #define HAVE_STDINT_H 1
| #define HAVE_UNISTD_H 1
| #define HAVE_DLFCN_H 1
| /* end confdefs.h.  */
| #include <ac_nonexistent.h>
configure:5663: result: g++ -E
configure:5692: g++ -E  conftest.cpp
configure:5698: $? = 0
configure:5729: g++ -E  conftest.cpp
conftest.cpp:21: fatal error: ac_nonexistent.h: No such file or directory
compilation terminated.
configure:5735: $? = 1
configure: failed program was:
| /* confdefs.h.  */
| #define PACKAGE_NAME ""
| #define PACKAGE_TARNAME ""
| #define PACKAGE_VERSION ""
| #define PACKAGE_STRING ""
| #define PACKAGE_BUGREPORT ""
| #define PACKAGE "libghthash"
| #define VERSION "0.6.2"
| #define STDC_HEADERS 1
| #define HAVE_SYS_TYPES_H 1
| #define HAVE_SYS_STAT_H 1
| #define HAVE_STDLIB_H 1
| #define HAVE_STRING_H 1
| #define HAVE_MEMORY_H 1
| #define HAVE_STRINGS_H 1
| #define HAVE_INTTYPES_H 1
| #define HAVE_STDINT_H 1
| #define HAVE_UNISTD_H 1
| #define HAVE_DLFCN_H 1
| /* end confdefs.h.  */
| #include <ac_nonexistent.h>
configure:5828: checking for g77
configure:5858: result: no
configure:5828: checking for xlf
configure:5858: result: no
configure:5828: checking for f77
configure:5858: result: no
configure:5828: checking for frt
configure:5858: result: no
configure:5828: checking for pgf77
configure:5858: result: no
configure:5828: checking for cf77
configure:5858: result: no
configure:5828: checking for fort77
configure:5858: result: no
configure:5828: checking for fl32
configure:5858: result: no
configure:5828: checking for af77
configure:5858: result: no
configure:5828: checking for xlf90
configure:5858: result: no
configure:5828: checking for f90
configure:5858: result: no
configure:5828: checking for pgf90
configure:5858: result: no
configure:5828: checking for pghpf
configure:5858: result: no
configure:5828: checking for epcf90
configure:5858: result: no
configure:5828: checking for gfortran
configure:5858: result: no
configure:5828: checking for g95
configure:5858: result: no
configure:5828: checking for xlf95
configure:5858: result: no
configure:5828: checking for f95
configure:5858: result: no
configure:5828: checking for fort
configure:5858: result: no
configure:5828: checking for ifort
configure:5858: result: no
configure:5828: checking for ifc
configure:5858: result: no
configure:5828: checking for efc
configure:5858: result: no
configure:5828: checking for pgf95
configure:5858: result: no
configure:5828: checking for lf95
configure:5858: result: no
configure:5828: checking for ftn
configure:5858: result: no
configure:5885: checking for Fortran 77 compiler version
configure:5892:  --version >&5
./configure: line 5893: --version: command not found
configure:5895: $? = 127
configure:5902:  -v >&5
./configure: line 5903: -v: command not found
configure:5905: $? = 127
configure:5912:  -V >&5
./configure: line 5913: -V: command not found
configure:5915: $? = 127
configure:5923: checking whether we are using the GNU Fortran 77 compiler
configure:5942:  -c  conftest.F >&5
./configure: line 5943: -c: command not found
configure:5948: $? = 127
configure: failed program was:
|       program main
| #ifndef __GNUC__
|        choke me
| #endif
| 
|       end
configure:5965: result: no
configure:5971: checking whether  accepts -g
configure:5988:  -c -g conftest.f >&5
./configure: line 5989: -c: command not found
configure:5994: $? = 127
configure: failed program was:
|       program main
| 
|       end
configure:6010: result: no
configure:6040: checking the maximum length of command line arguments
configure:6149: result: 32768
configure:6160: checking command to parse /usr/bin/nm -B output from gcc object
configure:6265: gcc -c -g -O2  conftest.c >&5
configure:6268: $? = 0
configure:6272: /usr/bin/nm -B conftest.o \| sed -n -e 's/^.*[ 	]\([ABCDGIRSTW][ABCDGIRSTW]*\)[ 	][ 	]*\([_A-Za-z][_A-Za-z0-9]*\)$/\1 \2 \2/p' \> conftest.nm
configure:6275: $? = 0
configure:6327: gcc -o conftest -g -O2   conftest.c conftstm.o >&5
configure:6330: $? = 0
configure:6368: result: ok
configure:6372: checking for objdir
configure:6387: result: .libs
configure:6479: checking for ar
configure:6495: found /usr/bin/ar
configure:6506: result: ar
configure:6575: checking for ranlib
configure:6591: found /usr/bin/ranlib
configure:6602: result: ranlib
configure:6671: checking for strip
configure:6687: found /usr/bin/strip
configure:6698: result: strip
configure:6984: checking if gcc supports -fno-rtti -fno-exceptions
configure:7002: gcc -c -g -O2  -fno-rtti -fno-exceptions conftest.c >&5
cc1: warning: command line option "-fno-rtti" is valid for C++/ObjC++ but not for C
configure:7006: $? = 0
configure:7019: result: no
configure:7034: checking for gcc option to produce PIC
configure:7244: result: -fPIC
configure:7252: checking if gcc PIC flag -fPIC works
configure:7270: gcc -c -g -O2  -fPIC -DPIC conftest.c >&5
configure:7274: $? = 0
configure:7287: result: yes
configure:7315: checking if gcc static flag -static works
configure:7343: result: yes
configure:7353: checking if gcc supports -c -o file.o
configure:7374: gcc -c -g -O2  -o out/conftest2.o conftest.c >&5
configure:7378: $? = 0
configure:7400: result: yes
configure:7426: checking whether the gcc linker (/usr/bin/ld -m elf_x86_64) supports shared libraries
configure:8381: result: yes
configure:8402: checking whether -lc should be explicitly linked in
configure:8407: gcc -c -g -O2  conftest.c >&5
configure:8410: $? = 0
configure:8425: gcc -shared conftest.o  -v -Wl,-soname -Wl,conftest -o conftest 2\>\&1 \| grep  -lc  \>/dev/null 2\>\&1
configure:8428: $? = 0
configure:8440: result: no
configure:8448: checking dynamic linker characteristics
configure:9024: result: GNU/Linux ld.so
configure:9033: checking how to hardcode library paths into programs
configure:9058: result: immediate
configure:9072: checking whether stripping libraries is possible
configure:9077: result: yes
configure:9878: checking if libtool supports shared libraries
configure:9880: result: yes
configure:9883: checking whether to build shared libraries
configure:9904: result: yes
configure:9907: checking whether to build static libraries
configure:9911: result: yes
configure:10003: creating libtool
configure:10591: checking for ld used by g++
configure:10658: result: /usr/bin/ld -m elf_x86_64
configure:10667: checking if the linker (/usr/bin/ld -m elf_x86_64) is GNU ld
configure:10682: result: yes
configure:10733: checking whether the g++ linker (/usr/bin/ld -m elf_x86_64) supports shared libraries
configure:11667: result: yes
configure:11685: g++ -c -g -O2  conftest.cpp >&5
configure:11688: $? = 0
configure:11807: checking for g++ option to produce PIC
configure:12081: result: -fPIC
configure:12089: checking if g++ PIC flag -fPIC works
configure:12107: g++ -c -g -O2  -fPIC -DPIC conftest.cpp >&5
configure:12111: $? = 0
configure:12124: result: yes
configure:12152: checking if g++ static flag -static works
configure:12180: result: yes
configure:12190: checking if g++ supports -c -o file.o
configure:12211: g++ -c -g -O2  -o out/conftest2.o conftest.cpp >&5
configure:12215: $? = 0
configure:12237: result: yes
configure:12263: checking whether the g++ linker (/usr/bin/ld -m elf_x86_64) supports shared libraries
configure:12291: result: yes
configure:12358: checking dynamic linker characteristics
configure:12934: result: GNU/Linux ld.so
configure:12943: checking how to hardcode library paths into programs
configure:12968: result: immediate
configure:19099: checking for a BSD-compatible install
configure:19155: result: /usr/bin/install -c
configure:19166: checking whether make sets $(MAKE)
configure:19187: result: yes
configure:19202: checking for inline
configure:19228: gcc -c -g -O2  conftest.c >&5
configure:19234: $? = 0
configure:19252: result: inline
configure:19273: checking for ANSI C header files
configure:19437: result: yes
configure:19457: checking for sys/types.h
configure:19463: result: yes
configure:19457: checking for stdlib.h
configure:19463: result: yes
configure:19467: checking stdio.h usability
configure:19484: gcc -c -g -O2  conftest.c >&5
configure:19490: $? = 0
configure:19504: result: yes
configure:19508: checking stdio.h presence
configure:19523: gcc -E  conftest.c
configure:19529: $? = 0
configure:19543: result: yes
configure:19571: checking for stdio.h
configure:19579: result: yes
configure:19467: checking errno.h usability
configure:19484: gcc -c -g -O2  conftest.c >&5
configure:19490: $? = 0
configure:19504: result: yes
configure:19508: checking errno.h presence
configure:19523: gcc -E  conftest.c
configure:19529: $? = 0
configure:19543: result: yes
configure:19571: checking for errno.h
configure:19579: result: yes
configure:19457: checking for string.h
configure:19463: result: yes
configure:19467: checking assert.h usability
configure:19484: gcc -c -g -O2  conftest.c >&5
configure:19490: $? = 0
configure:19504: result: yes
configure:19508: checking assert.h presence
configure:19523: gcc -E  conftest.c
configure:19529: $? = 0
configure:19543: result: yes
configure:19571: checking for assert.h
configure:19579: result: yes
configure:19642: gcc -o conftest -g -O2   conftest.c  >&5
conftest.c: In function 'main':
conftest.c:36: warning: format '%d' expects type 'int', but argument 3 has type 'long unsigned int'
configure:19645: $? = 0
configure:19651: ./conftest
configure:19654: $? = 0
configure:19723: gcc -o conftest -g -O2   conftest.c  >&5
conftest.c: In function 'main':
conftest.c:36: warning: format '%d' expects type 'int', but argument 3 has type 'long unsigned int'
configure:19726: $? = 0
configure:19732: ./conftest
configure:19735: $? = 0
configure:19804: gcc -o conftest -g -O2   conftest.c  >&5
conftest.c: In function 'main':
conftest.c:36: warning: format '%d' expects type 'int', but argument 3 has type 'long unsigned int'
configure:19807: $? = 0
configure:19813: ./conftest
configure:19816: $? = 0
configure:19885: gcc -o conftest -g -O2   conftest.c  >&5
conftest.c: In function 'main':
conftest.c:36: warning: format '%d' expects type 'int', but argument 3 has type 'long unsigned int'
configure:19888: $? = 0
configure:19894: ./conftest
configure:19897: $? = 0
configure:20086: creating ./config.status

## ---------------------- ##
## Running config.status. ##
## ---------------------- ##

This file was extended by config.status, which was
generated by GNU Autoconf 2.61.  Invocation command line was

  CONFIG_FILES    = 
  CONFIG_HEADERS  = 
  CONFIG_LINKS    = 
  CONFIG_COMMANDS = 
  $ ./config.status 

on Sauron

config.status:669: creating Makefile
config.status:669: creating src/ght_hash_table.h
config.status:669: creating src/Makefile
config.status:669: creating examples/Makefile
config.status:669: creating config.h
config.status:897: config.h is unchanged
config.status:943: executing depfiles commands

## ---------------- ##
## Cache variables. ##
## ---------------- ##

ac_cv_build=x86_64-unknown-linux-gnu
ac_cv_c_compiler_gnu=yes
ac_cv_c_inline=inline
ac_cv_cxx_compiler_gnu=yes
ac_cv_env_CCC_set=
ac_cv_env_CCC_value=
ac_cv_env_CC_set=
ac_cv_env_CC_value=
ac_cv_env_CFLAGS_set=
ac_cv_env_CFLAGS_value=
ac_cv_env_CPPFLAGS_set=
ac_cv_env_CPPFLAGS_value=
ac_cv_env_CPP_set=
ac_cv_env_CPP_value=
ac_cv_env_CXXCPP_set=
ac_cv_env_CXXCPP_value=
ac_cv_env_CXXFLAGS_set=
ac_cv_env_CXXFLAGS_value=
ac_cv_env_CXX_set=
ac_cv_env_CXX_value=
ac_cv_env_F77_set=
ac_cv_env_F77_value=
ac_cv_env_FFLAGS_set=
ac_cv_env_FFLAGS_value=
ac_cv_env_LDFLAGS_set=
ac_cv_env_LDFLAGS_value=
ac_cv_env_LIBS_set=
ac_cv_env_LIBS_value=
ac_cv_env_build_alias_set=
ac_cv_env_build_alias_value=
ac_cv_env_host_alias_set=
ac_cv_env_host_alias_value=
ac_cv_env_target_alias_set=
ac_cv_env_target_alias_value=
ac_cv_f77_compiler_gnu=no
ac_cv_header_assert_h=yes
ac_cv_header_dlfcn_h=yes
ac_cv_header_errno_h=yes
ac_cv_header_inttypes_h=yes
ac_cv_header_memory_h=yes
ac_cv_header_stdc=yes
ac_cv_header_stdint_h=yes
ac_cv_header_stdio_h=yes
ac_cv_header_stdlib_h=yes
ac_cv_header_string_h=yes
ac_cv_header_strings_h=yes
ac_cv_header_sys_stat_h=yes
ac_cv_header_sys_types_h=yes
ac_cv_header_unistd_h=yes
ac_cv_host=x86_64-unknown-linux-gnu
ac_cv_objext=o
ac_cv_path_EGREP='/bin/grep -E'
ac_cv_path_GREP=/bin/grep
ac_cv_path_install='/usr/bin/install -c'
ac_cv_prog_AWK=mawk
ac_cv_prog_CPP='gcc -E'
ac_cv_prog_CXXCPP='g++ -E'
ac_cv_prog_ac_ct_AR=ar
ac_cv_prog_ac_ct_CC=gcc
ac_cv_prog_ac_ct_CXX=g++
ac_cv_prog_ac_ct_RANLIB=ranlib
ac_cv_prog_ac_ct_STRIP=strip
ac_cv_prog_cc_c89=
ac_cv_prog_cc_g=yes
ac_cv_prog_cxx_g=yes
ac_cv_prog_f77_g=no
ac_cv_prog_make_make_set=yes
am_cv_CC_dependencies_compiler_type=gcc3
am_cv_CXX_dependencies_compiler_type=gcc3
lt_cv_deplibs_check_method=pass_all
lt_cv_file_magic_cmd='$MAGIC_CMD'
lt_cv_file_magic_test_file=
lt_cv_ld_reload_flag=-r
lt_cv_objdir=.libs
lt_cv_path_LD=/usr/bin/ld
lt_cv_path_LDCXX='/usr/bin/ld -m elf_x86_64'
lt_cv_path_NM='/usr/bin/nm -B'
lt_cv_path_SED=/bin/sed
lt_cv_prog_compiler_c_o=yes
lt_cv_prog_compiler_c_o_CXX=yes
lt_cv_prog_compiler_rtti_exceptions=no
lt_cv_prog_gnu_ld=yes
lt_cv_prog_gnu_ldcxx=yes
lt_cv_sys_global_symbol_pipe='sed -n -e '\''s/^.*[ 	]\([ABCDGIRSTW][ABCDGIRSTW]*\)[ 	][ 	]*\([_A-Za-z][_A-Za-z0-9]*\)$/\1 \2 \2/p'\'''
lt_cv_sys_global_symbol_to_c_name_address='sed -n -e '\''s/^: \([^ ]*\) $/  {\"\1\", (lt_ptr) 0},/p'\'' -e '\''s/^[BCDEGRST] \([^ ]*\) \([^ ]*\)$/  {"\2", (lt_ptr) \&\2},/p'\'''
lt_cv_sys_global_symbol_to_cdecl='sed -n -e '\''s/^. .* \(.*\)$/extern int \1;/p'\'''
lt_cv_sys_max_cmd_len=32768
lt_lt_cv_prog_compiler_c_o='"yes"'
lt_lt_cv_prog_compiler_c_o_CXX='"yes"'
lt_lt_cv_sys_global_symbol_pipe='"sed -n -e '\''s/^.*[ 	]\\([ABCDGIRSTW][ABCDGIRSTW]*\\)[ 	][ 	]*\\([_A-Za-z][_A-Za-z0-9]*\\)\$/\\1 \\2 \\2/p'\''"'
lt_lt_cv_sys_global_symbol_to_c_name_address='"sed -n -e '\''s/^: \\([^ ]*\\) \$/  {\\\"\\1\\\", (lt_ptr) 0},/p'\'' -e '\''s/^[BCDEGRST] \\([^ ]*\\) \\([^ ]*\\)\$/  {\"\\2\", (lt_ptr) \\&\\2},/p'\''"'
lt_lt_cv_sys_global_symbol_to_cdecl='"sed -n -e '\''s/^. .* \\(.*\\)\$/extern int \\1;/p'\''"'

## ----------------- ##
## Output variables. ##
## ----------------- ##

ACLOCAL='aclocal-1.7'
AMDEPBACKSLASH='\'
AMDEP_FALSE='#'
AMDEP_TRUE=''
AMTAR='tar'
AR='ar'
AUTOCONF='autoconf'
AUTOHEADER='autoheader'
AUTOMAKE='automake-1.7'
AWK='mawk'
BINARY_AGE='1'
CC='gcc'
CCDEPMODE='depmode=gcc3'
CFLAGS='-g -O2 -DNDEBUG -Wall'
CPP='gcc -E'
CPPFLAGS=''
CXX='g++'
CXXCPP='g++ -E'
CXXDEPMODE='depmode=gcc3'
CXXFLAGS='-g -O2'
CYGPATH_W='echo'
DEFS='-DHAVE_CONFIG_H'
DEPDIR='.deps'
ECHO='echo'
ECHO_C=''
ECHO_N='-n'
ECHO_T=''
EGREP='/bin/grep -E'
EXEEXT=''
F77=''
FFLAGS=''
GREP='/bin/grep'
INSTALL_DATA='${INSTALL} -m 644'
INSTALL_PROGRAM='${INSTALL}'
INSTALL_SCRIPT='${INSTALL}'
INSTALL_STRIP_PROGRAM='${SHELL} $(install_sh) -c -s'
INT32_T='int'
INTERFACE_AGE='0'
LDFLAGS=''
LIBOBJS=''
LIBS=''
LIBTOOL='$(SHELL) $(top_builddir)/libtool'
LN_S='ln -s'
LTLIBOBJS=''
LT_AGE='1'
LT_CURRENT='2'
LT_RELEASE='0.6'
LT_REVISION='0'
MAJOR_VERSION='0'
MAKEINFO='makeinfo'
MICRO_VERSION='2'
MINOR_VERSION='6'
OBJEXT='o'
PACKAGE='libghthash'
PACKAGE_BUGREPORT=''
PACKAGE_NAME=''
PACKAGE_STRING=''
PACKAGE_TARNAME=''
PACKAGE_VERSION=''
PATH_SEPARATOR=':'
RANLIB='ranlib'
SET_MAKE=''
SHELL='/bin/bash'
STRIP='strip'
VERSION='0.6.2'
ac_ct_CC='gcc'
ac_ct_CXX='g++'
ac_ct_F77=''
am__fastdepCC_FALSE='#'
am__fastdepCC_TRUE=''
am__fastdepCXX_FALSE='#'
am__fastdepCXX_TRUE=''
am__include='include'
am__leading_dot='.'
am__quote=''
bindir='${exec_prefix}/bin'
build='x86_64-unknown-linux-gnu'
build_alias=''
build_cpu='x86_64'
build_os='linux-gnu'
build_vendor='unknown'
datadir='${datarootdir}'
datarootdir='${prefix}/share'
docdir='${datarootdir}/doc/${PACKAGE}'
dvidir='${docdir}'
exec_prefix='${prefix}'
host='x86_64-unknown-linux-gnu'
host_alias=''
host_cpu='x86_64'
host_os='linux-gnu'
host_vendor='unknown'
htmldir='${docdir}'
includedir='${prefix}/include'
infodir='${datarootdir}/info'
install_sh='/home/david/Projects/logalizer/misc/libghthash-0.6.2/install-sh'
libdir='${exec_prefix}/lib'
libexecdir='${exec_prefix}/libexec'
localedir='${datarootdir}/locale'
localstatedir='${prefix}/var'
mandir='${datarootdir}/man'
oldincludedir='/usr/include'
pdfdir='${docdir}'
prefix='/usr/local'
program_transform_name='s,x,x,'
psdir='${docdir}'
sbindir='${exec_prefix}/sbin'
sharedstatedir='${prefix}/com'
sysconfdir='${prefix}/etc'
target_alias=''

## ----------- ##
## confdefs.h. ##
## ----------- ##

#define PACKAGE_NAME ""
#define PACKAGE_TARNAME ""
#define PACKAGE_VERSION ""
#define PACKAGE_STRING ""
#define PACKAGE_BUGREPORT ""
#define PACKAGE "libghthash"
#define VERSION "0.6.2"
#define STDC_HEADERS 1
#define HAVE_SYS_TYPES_H 1
#define HAVE_SYS_STAT_H 1
#define HAVE_STDLIB_H 1
#define HAVE_STRING_H 1
#define HAVE_MEMORY_H 1
#define HAVE_STRINGS_H 1
#define HAVE_INTTYPES_H 1
#define HAVE_STDINT_H 1
#define HAVE_UNISTD_H 1
#define HAVE_DLFCN_H 1
#define STDC_HEADERS 1
#define HAVE_SYS_TYPES_H 1
#define HAVE_STDLIB_H 1
#define HAVE_STDIO_H 1
#define HAVE_ERRNO_H 1
#define HAVE_STRING_H 1
#define HAVE_ASSERT_H 1

configure: exit 0
